[2025-12-22T14:26:14.816Z] INFO: === Starting Website Monitoring Tests ===
[2025-12-22T14:26:14.818Z] INFO: Running test: [ -- Checking login on platform -- ]
[2025-12-22T14:26:16.584Z] INFO: [PLatform Login] Starting test...
[2025-12-22T14:26:16.585Z] INFO: [PLatform Login] Navigating to https://grivaseltinteractive.gr
[2025-12-22T14:26:16.586Z] INFO: [PLatform Login] 🤞 Attempting login...
[2025-12-22T14:26:21.445Z] INFO: [PLatform Login] 🤞 Verifying login...
[2025-12-22T14:26:21.446Z] INFO: [PLatform Login] ✅ PASS: Login verified
[2025-12-22T14:26:21.446Z] INFO: [PLatform Login] 🚪 Attempting logout...
[2025-12-22T14:26:22.660Z] INFO: [PLatform Login] ✅ PASS: Logout successful
[2025-12-22T14:26:22.660Z] INFO: [PLatform Login] Verifying logout...
[2025-12-22T14:26:22.662Z] INFO: [PLatform Login] ✅ PASS: Logout verified
[2025-12-22T14:26:22.662Z] INFO: [PLatform Login] ✅ PASS: Login/Logout test passed successfully!
[2025-12-22T14:26:22.954Z] INFO: [PLatform Login] Completed in 8135ms
[2025-12-22T14:26:22.955Z] INFO: ❌ [ -- Checking login on platform -- ]: FAIL (8135ms)
[2025-12-22T14:26:22.955Z] INFO: ==================================================================
[2025-12-22T14:26:22.955Z] INFO: === Tests Completed: 0 passed, 1 failed ===
[2025-12-22T14:26:22.976Z] INFO: Test results saved to database with ID: 68
[2025-12-22T14:26:22.977Z] ERROR: Failed to save report: Cannot read properties of undefined (reading 'url')
[2025-12-22T14:26:22.977Z] INFO: Preparing email alert...
[2025-12-22T14:26:22.977Z] ERROR: Failed to send alert email: nodemailer is not defined
