[2025-12-18T09:21:45.994Z] INFO: === Running test: [ Checking website availability ] ===
[2025-12-18T09:21:46.577Z] INFO: [eshop-website] Checking [ https://eshop.grivas.gr/ ] availability...
[2025-12-18T09:21:46.578Z] INFO: [eshop-website] Starting test...
[2025-12-18T09:21:46.578Z] INFO: [eshop-website] Navigating to https://eshop.grivas.gr/
[2025-12-18T09:21:53.496Z] INFO: [eshop-website] PASS: Website is online
[2025-12-18T09:21:53.497Z] INFO: ------------------------------------------
[2025-12-18T09:21:53.497Z] INFO: [platform-website] Checking [ https://grivaseltinteractive.gr ] availability...
[2025-12-18T09:21:53.497Z] INFO: [platform-website] Starting test...
[2025-12-18T09:21:53.497Z] INFO: [platform-website] Navigating to https://grivaseltinteractive.gr
[2025-12-18T09:21:56.018Z] INFO: [platform-website] PASS: Website is online
[2025-12-18T09:21:56.018Z] INFO: ------------------------------------------
[2025-12-18T09:21:56.018Z] INFO: [main-website] Checking [ https://grivas.gr ] availability...
[2025-12-18T09:21:56.018Z] INFO: [main-website] Starting test...
[2025-12-18T09:21:56.018Z] INFO: [main-website] Navigating to https://grivas.gr
[2025-12-18T09:21:57.416Z] WARN: Request failed: https://www.grivas.gr/site/assets/files/2254/whodunnit_banner_2025-1-1.120x0.jpg - net::ERR_ABORTED
[2025-12-18T09:21:59.770Z] INFO: [main-website] PASS: Website is online
[2025-12-18T09:21:59.770Z] INFO: ------------------------------------------
[2025-12-18T09:22:00.058Z] INFO: ✅ [ Checking website availability ]: PASS (14061ms)
[2025-12-18T09:22:00.059Z] INFO: === Tests Completed: 1 passed, 0 failed ===
[2025-12-18T09:22:00.078Z] INFO: Test results saved to database with ID: 28
