Unhandled rejection: Error: Cannot find module './development/authentication.test'
Require stack:
- C:\WebsiteMonitor\monitor-system\tests\index.js
- C:\WebsiteMonitor\monitor-system\index.js
    at Module._resolveFilename (node:internal/modules/cjs/loader:995:15)
    at Module._load (node:internal/modules/cjs/loader:841:27)
    at Module.require (node:internal/modules/cjs/loader:1061:19)
    at require (node:internal/modules/cjs/helpers:103:18)
    at Object.<anonymous> (C:\WebsiteMonitor\monitor-system\tests\index.js:3:28)
    at Module._compile (node:internal/modules/cjs/loader:1159:14)
    at Module._extensions..js (node:internal/modules/cjs/loader:1213:10)
    at Module.load (node:internal/modules/cjs/loader:1037:32)
    at Module._load (node:internal/modules/cjs/loader:878:12)
    at Module.require (node:internal/modules/cjs/loader:1061:19) {
  code: 'MODULE_NOT_FOUND',
  requireStack: [
    'C:\\WebsiteMonitor\\monitor-system\\tests\\index.js',
    'C:\\WebsiteMonitor\\monitor-system\\index.js'
  ]
}
