[2025-12-18T09:20:29.079Z] INFO: Running test: [ Checking website availability ]
[2025-12-18T09:20:29.667Z] INFO: [eshop-website] Checking [ https://eshop.grivas.gr/ ] availability...
[2025-12-18T09:20:29.668Z] INFO: [eshop-website] Starting test...
[2025-12-18T09:20:29.668Z] INFO: [eshop-website] Navigating to https://eshop.grivas.gr/
[2025-12-18T09:20:36.475Z] INFO: [eshop-website] PASS: Website is online
[2025-12-18T09:20:36.475Z] INFO: ------------------------------------------
[2025-12-18T09:20:36.475Z] INFO: [platform-website] Checking [ https://grivaseltinteractive.gr ] availability...
[2025-12-18T09:20:36.476Z] INFO: [platform-website] Starting test...
[2025-12-18T09:20:36.476Z] INFO: [platform-website] Navigating to https://grivaseltinteractive.gr
[2025-12-18T09:20:39.399Z] INFO: [platform-website] PASS: Website is online
[2025-12-18T09:20:39.399Z] INFO: ------------------------------------------
[2025-12-18T09:20:39.399Z] INFO: [main-website] Checking [ https://grivas.gr ] availability...
[2025-12-18T09:20:39.399Z] INFO: [main-website] Starting test...
[2025-12-18T09:20:39.399Z] INFO: [main-website] Navigating to https://grivas.gr
[2025-12-18T09:20:40.629Z] WARN: Request failed: https://www.grivas.gr/site/assets/files/2254/whodunnit_banner_2025-1-1.120x0.jpg - net::ERR_ABORTED
[2025-12-18T09:20:42.719Z] INFO: [main-website] PASS: Website is online
[2025-12-18T09:20:42.720Z] INFO: ------------------------------------------
[2025-12-18T09:20:42.952Z] INFO: ✅ [ Checking website availability ]: PASS (13871ms)
[2025-12-18T09:20:42.953Z] INFO: === Tests Completed: 1 passed, 0 failed ===
[2025-12-18T09:20:42.971Z] INFO: Test results saved to database with ID: 27
