[2025-12-22T11:24:25.399Z] INFO: === Starting Website Monitoring Tests ===
[2025-12-22T11:24:25.401Z] INFO: Running test: [ -- Checking website availability -- ]
[2025-12-22T11:24:26.099Z] INFO: [eshop-website] Checking [ https://eshop.grivas.gr/ ] availability...
[2025-12-22T11:24:26.100Z] INFO: [eshop-website] Starting test...
[2025-12-22T11:24:26.101Z] INFO: [eshop-website] Navigating to https://eshop.grivas.gr/
[2025-12-22T11:24:32.793Z] INFO: [eshop-website] ✅ : Website is online
[2025-12-22T11:24:32.793Z] INFO: ------------------------------------------
[2025-12-22T11:24:32.793Z] INFO: [platform-website] Checking [ https://grivaseltinteractive.gr ] availability...
[2025-12-22T11:24:32.793Z] INFO: [platform-website] Starting test...
[2025-12-22T11:24:32.793Z] INFO: [platform-website] Navigating to https://grivaseltinteractive.gr
[2025-12-22T11:24:35.734Z] INFO: [platform-website] ✅ : Website is online
[2025-12-22T11:24:35.734Z] INFO: ------------------------------------------
[2025-12-22T11:24:35.734Z] INFO: [main-website] Checking [ https://grivas.gr ] availability...
[2025-12-22T11:24:35.734Z] INFO: [main-website] Starting test...
[2025-12-22T11:24:35.734Z] INFO: [main-website] Navigating to https://grivas.gr
[2025-12-22T11:24:40.345Z] INFO: [main-website] ✅ : Website is online
[2025-12-22T11:24:40.346Z] INFO: ------------------------------------------
[2025-12-22T11:24:40.602Z] INFO: ✅ [ -- Checking website availability -- ]: PASS (15201ms)
[2025-12-22T11:24:40.602Z] INFO: Running test: Checking www.grivaseltinteractive.gr login user
[2025-12-22T11:24:40.602Z] INFO: [Checking www.grivaseltinteractive.gr login user] Starting test...
[2025-12-22T11:24:41.337Z] INFO: [Checking www.grivaseltinteractive.gr login user] Completed in 735ms
[2025-12-22T11:24:41.337Z] ERROR: Fatal error in test execution: page is not defined
