[2025-12-12T08:56:40.887Z] INFO: === Starting Website Monitoring Tests ===
[2025-12-12T08:56:40.889Z] INFO: Target: https://grivaseltinteractive.gr
[2025-12-12T08:56:40.889Z] INFO: Triggered by: scheduled
[2025-12-12T08:56:40.889Z] INFO: Running test: Website Availability
[2025-12-12T08:56:40.889Z] INFO: [Website Availability] Starting test...
Table creation error: Error: SQLITE_ERROR: no such table: main.individual_tests
--> in Database#run('CREATE INDEX IF NOT EXISTS idx_individual_tests_run_id ON individual_tests(run_id)', [Function (anonymous)])
    at C:\WebsiteMonitor\monitor-system\database.js:80:21
    at Array.forEach (<anonymous>)
    at Database.createTables (C:\WebsiteMonitor\monitor-system\database.js:79:17)
    at Database.init (C:\WebsiteMonitor\monitor-system\database.js:23:18)
    at new Database (C:\WebsiteMonitor\monitor-system\database.js:9:14)
    at new WebsiteMonitor (C:\WebsiteMonitor\monitor-system\index.js:24:19)
    at main (C:\WebsiteMonitor\monitor-system\index.js:224:21)
    at Object.<anonymous> (C:\WebsiteMonitor\monitor-system\index.js:257:5)
    at Module._compile (node:internal/modules/cjs/loader:1159:14) {
  errno: 1,
  code: 'SQLITE_ERROR',
  __augmented: true
}
Table creation error: Error: SQLITE_ERROR: no such table: main.individual_tests
--> in Database#run('CREATE INDEX IF NOT EXISTS idx_individual_tests_status ON individual_tests(status)', [Function (anonymous)])
    at C:\WebsiteMonitor\monitor-system\database.js:80:21
    at Array.forEach (<anonymous>)
    at Database.createTables (C:\WebsiteMonitor\monitor-system\database.js:79:17)
    at Database.init (C:\WebsiteMonitor\monitor-system\database.js:23:18)
    at new Database (C:\WebsiteMonitor\monitor-system\database.js:9:14)
    at new WebsiteMonitor (C:\WebsiteMonitor\monitor-system\index.js:24:19)
    at main (C:\WebsiteMonitor\monitor-system\index.js:224:21)
    at Object.<anonymous> (C:\WebsiteMonitor\monitor-system\index.js:257:5)
    at Module._compile (node:internal/modules/cjs/loader:1159:14) {
  errno: 1,
  code: 'SQLITE_ERROR',
  __augmented: true
}
Table creation error: Error: SQLITE_ERROR: no such table: main.test_runs
--> in Database#run('CREATE INDEX IF NOT EXISTS idx_test_runs_timestamp ON test_runs(timestamp)', [Function (anonymous)])
    at C:\WebsiteMonitor\monitor-system\database.js:80:21
    at Array.forEach (<anonymous>)
    at Database.createTables (C:\WebsiteMonitor\monitor-system\database.js:79:17)
    at Database.init (C:\WebsiteMonitor\monitor-system\database.js:23:18)
    at new Database (C:\WebsiteMonitor\monitor-system\database.js:9:14)
    at new WebsiteMonitor (C:\WebsiteMonitor\monitor-system\index.js:24:19)
    at main (C:\WebsiteMonitor\monitor-system\index.js:224:21)
    at Object.<anonymous> (C:\WebsiteMonitor\monitor-system\index.js:257:5)
    at Module._compile (node:internal/modules/cjs/loader:1159:14) {
  errno: 1,
  code: 'SQLITE_ERROR',
  __augmented: true
}
[2025-12-12T08:56:43.669Z] INFO: [Website Availability] Navigating to https://grivaseltinteractive.gr
[2025-12-12T08:56:45.077Z] WARN: Request failed: https://kit.fontawesome.com/42d5adcbca.js - net::ERR_ABORTED
[2025-12-12T08:56:46.779Z] INFO: [Website Availability] PASS: Website is online
[2025-12-12T08:56:46.925Z] INFO: [Website Availability] Completed in 6036ms
[2025-12-12T08:56:46.925Z] INFO: ✅ Website Availability: PASS (6036ms)
[2025-12-12T08:56:46.926Z] INFO: === Tests Completed: 1 passed, 0 failed ===
[2025-12-12T08:56:46.943Z] INFO: Test results saved to database with ID: 1
[2025-12-12T08:56:46.945Z] INFO: JSON report saved: C:\WebsiteMonitor\monitor-system\reports\report-1-2025-12-12T08-56-46-944Z.json
[2025-12-12T08:56:46.946Z] ERROR: Failed to save report: this.saveHtmlReport is not a function
