[2025-12-18T09:35:58.937Z] INFO: === Starting Website Monitoring Tests ===
[2025-12-18T09:35:58.938Z] INFO: Running test: [ -- Checking website availability -- ]
[2025-12-18T09:35:59.689Z] INFO: [eshop-website] Checking [ https://eshop.grivas.gr/ ] availability...
[2025-12-18T09:35:59.732Z] INFO: [eshop-website] Starting test...
[2025-12-18T09:35:59.732Z] INFO: [eshop-website] Navigating to https://eshop.grivas.gr/
[2025-12-18T09:36:06.273Z] INFO: [eshop-website] PASS: Website is online
[2025-12-18T09:36:06.273Z] INFO: ------------------------------------------
[2025-12-18T09:36:06.274Z] INFO: [platform-website] Checking [ https://grivaseltinteractive.gr ] availability...
[2025-12-18T09:36:06.274Z] INFO: [platform-website] Starting test...
[2025-12-18T09:36:06.274Z] INFO: [platform-website] Navigating to https://grivaseltinteractive.gr
[2025-12-18T09:36:09.128Z] INFO: [platform-website] PASS: Website is online
[2025-12-18T09:36:09.128Z] INFO: ------------------------------------------
[2025-12-18T09:36:09.128Z] INFO: [main-website] Checking [ https://grivas.gr ] availability...
[2025-12-18T09:36:09.128Z] INFO: [main-website] Starting test...
[2025-12-18T09:36:09.128Z] INFO: [main-website] Navigating to https://grivas.gr
[2025-12-18T09:36:10.367Z] WARN: Request failed: https://www.grivas.gr/site/assets/files/2254/whodunnit_banner_2025-1-1.120x0.jpg - net::ERR_ABORTED
[2025-12-18T09:36:12.384Z] INFO: [main-website] PASS: Website is online
[2025-12-18T09:36:12.384Z] INFO: ------------------------------------------
[2025-12-18T09:36:12.635Z] INFO: ✅ [ -- Checking website availability -- ]: PASS (13696ms)
[2025-12-18T09:36:12.636Z] INFO: === Tests Completed: 1 passed, 0 failed ===
[2025-12-18T09:36:12.654Z] INFO: Test results saved to database with ID: 30
[2025-12-18T09:36:12.655Z] ERROR: Failed to save report: Cannot read properties of undefined (reading 'url')
