[2025-12-22T11:22:43.058Z] INFO: === Starting Website Monitoring Tests ===
[2025-12-22T11:22:43.059Z] INFO: Running test: [ -- Checking website availability -- ]
[2025-12-22T11:22:43.746Z] INFO: [eshop-website] Checking [ https://eshop.grivas.gr/ ] availability...
[2025-12-22T11:22:43.747Z] INFO: [eshop-website] Starting test...
[2025-12-22T11:22:43.747Z] INFO: [eshop-website] Navigating to https://eshop.grivas.gr/
[2025-12-22T11:22:50.764Z] INFO: [eshop-website] ✅ : Website is online
[2025-12-22T11:22:50.765Z] INFO: ------------------------------------------
[2025-12-22T11:22:50.765Z] INFO: [platform-website] Checking [ https://grivaseltinteractive.gr ] availability...
[2025-12-22T11:22:50.765Z] INFO: [platform-website] Starting test...
[2025-12-22T11:22:50.766Z] INFO: [platform-website] Navigating to https://grivaseltinteractive.gr
[2025-12-22T11:22:53.732Z] INFO: [platform-website] ✅ : Website is online
[2025-12-22T11:22:53.732Z] INFO: ------------------------------------------
[2025-12-22T11:22:53.732Z] INFO: [main-website] Checking [ https://grivas.gr ] availability...
[2025-12-22T11:22:53.732Z] INFO: [main-website] Starting test...
[2025-12-22T11:22:53.733Z] INFO: [main-website] Navigating to https://grivas.gr
[2025-12-22T11:22:55.528Z] WARN: Request failed: https://www.grivas.gr/site/assets/files/2254/whodunnit_banner_2025-1-1.120x0.jpg - net::ERR_ABORTED
[2025-12-22T11:22:58.742Z] INFO: [main-website] ✅ : Website is online
[2025-12-22T11:22:58.742Z] INFO: ------------------------------------------
[2025-12-22T11:22:59.022Z] INFO: ✅ [ -- Checking website availability -- ]: PASS (15962ms)
[2025-12-22T11:22:59.022Z] INFO: Running test: Checking www.grivaseltinteractive.gr login user
[2025-12-22T11:22:59.022Z] INFO: [Checking www.grivaseltinteractive.gr login user] Starting test...
[2025-12-22T11:22:59.826Z] INFO: [Checking www.grivaseltinteractive.gr login user] Completed in 804ms
[2025-12-22T11:22:59.826Z] ERROR: Fatal error in test execution: page is not defined
