[2025-12-19T14:16:57.026Z] INFO: === Starting Website Monitoring Tests ===
[2025-12-19T14:16:57.028Z] INFO: Running test: [ -- Checking website availability -- ]
[2025-12-19T14:16:58.431Z] INFO: [eshop-website] Checking [ https://eshop.grivas.gr/ ] availability...
[2025-12-19T14:16:58.431Z] INFO: [eshop-website] Starting test...
[2025-12-19T14:16:58.432Z] INFO: [eshop-website] Navigating to https://eshop.grivas.gr/
[2025-12-19T14:17:04.998Z] INFO: [eshop-website] ✅ : Website is online
[2025-12-19T14:17:04.999Z] INFO: ------------------------------------------
[2025-12-19T14:17:04.999Z] INFO: [platform-website] Checking [ https://grivaseltinteractive.gr ] availability...
[2025-12-19T14:17:04.999Z] INFO: [platform-website] Starting test...
[2025-12-19T14:17:05.000Z] INFO: [platform-website] Navigating to https://grivaseltinteractive.gr
[2025-12-19T14:17:07.639Z] INFO: [platform-website] ✅ : Website is online
[2025-12-19T14:17:07.639Z] INFO: ------------------------------------------
[2025-12-19T14:17:07.639Z] INFO: [main-website] Checking [ https://grivas.gr ] availability...
[2025-12-19T14:17:07.639Z] INFO: [main-website] Starting test...
[2025-12-19T14:17:07.639Z] INFO: [main-website] Navigating to https://grivas.gr
[2025-12-19T14:17:09.173Z] WARN: Request failed: https://www.grivas.gr/site/assets/files/2254/whodunnit_banner_2025-1-1.120x0.jpg - net::ERR_ABORTED
[2025-12-19T14:17:11.311Z] INFO: [main-website] ✅ : Website is online
[2025-12-19T14:17:11.311Z] INFO: ------------------------------------------
[2025-12-19T14:17:11.607Z] INFO: ✅ [ -- Checking website availability -- ]: PASS (14579ms)
[2025-12-19T14:17:11.607Z] INFO: === Tests Completed: 1 passed, 0 failed ===
[2025-12-19T14:17:11.629Z] INFO: Test results saved to database with ID: 41
[2025-12-19T14:17:11.630Z] ERROR: Failed to save report: Cannot read properties of undefined (reading 'url')
