[2025-12-18T09:34:16.147Z] INFO: === Starting Website Monitoring Tests ===
[2025-12-18T09:34:16.149Z] INFO: === Running test: [ Checking website availability ] ===
[2025-12-18T09:34:16.706Z] INFO: [eshop-website] Checking [ https://eshop.grivas.gr/ ] availability...
[2025-12-18T09:34:16.706Z] INFO: [eshop-website] Starting test...
[2025-12-18T09:34:16.707Z] INFO: [eshop-website] Navigating to https://eshop.grivas.gr/
[2025-12-18T09:34:21.620Z] INFO: [eshop-website] PASS: Website is online
[2025-12-18T09:34:21.620Z] INFO: ------------------------------------------
[2025-12-18T09:34:21.620Z] INFO: [platform-website] Checking [ https://grivaseltinteractive.gr ] availability...
[2025-12-18T09:34:21.621Z] INFO: [platform-website] Starting test...
[2025-12-18T09:34:21.621Z] INFO: [platform-website] Navigating to https://grivaseltinteractive.gr
[2025-12-18T09:34:23.981Z] INFO: [platform-website] PASS: Website is online
[2025-12-18T09:34:23.982Z] INFO: ------------------------------------------
[2025-12-18T09:34:23.982Z] INFO: [main-website] Checking [ https://grivas.gr ] availability...
[2025-12-18T09:34:23.982Z] INFO: [main-website] Starting test...
[2025-12-18T09:34:23.982Z] INFO: [main-website] Navigating to https://grivas.gr
[2025-12-18T09:34:25.446Z] WARN: Request failed: https://www.grivas.gr/site/assets/files/2254/whodunnit_banner_2025-1-1.120x0.jpg - net::ERR_ABORTED
[2025-12-18T09:34:27.774Z] INFO: [main-website] PASS: Website is online
[2025-12-18T09:34:27.774Z] INFO: ------------------------------------------
[2025-12-18T09:34:28.034Z] INFO: ✅ [ Checking website availability ]: PASS (11884ms)
[2025-12-18T09:34:28.034Z] INFO: === Tests Completed: 1 passed, 0 failed ===
[2025-12-18T09:34:28.055Z] INFO: Test results saved to database with ID: 29
[2025-12-18T09:34:28.056Z] ERROR: Failed to save report: Cannot read properties of undefined (reading 'url')
