[2025-12-19T13:14:53.178Z] INFO: === Starting Website Monitoring Tests ===
[2025-12-19T13:14:53.180Z] INFO: Running test: [ -- Checking website availability -- ]
[2025-12-19T13:14:53.875Z] INFO: [eshop-website] Checking [ https://eshop.grivas.gr/ ] availability...
[2025-12-19T13:14:53.876Z] INFO: [eshop-website] Starting test...
[2025-12-19T13:14:53.876Z] INFO: [eshop-website] Navigating to https://eshop.grivas.gr/
[2025-12-19T13:15:22.831Z] WARN: Request failed: https://www.youtube.com/iframe_api - net::ERR_ABORTED
[2025-12-19T13:15:24.948Z] INFO: [eshop-website] ✅ : Website is online
[2025-12-19T13:15:24.952Z] INFO: ------------------------------------------
[2025-12-19T13:15:24.952Z] INFO: [platform-website] Checking [ https://grivaseltinteractive.gr ] availability...
[2025-12-19T13:15:24.953Z] INFO: [platform-website] Starting test...
[2025-12-19T13:15:24.953Z] INFO: [platform-website] Navigating to https://grivaseltinteractive.gr
[2025-12-19T13:15:29.105Z] INFO: [platform-website] ✅ : Website is online
[2025-12-19T13:15:29.105Z] INFO: ------------------------------------------
[2025-12-19T13:15:29.105Z] INFO: [main-website] Checking [ https://grivas.gr ] availability...
[2025-12-19T13:15:29.106Z] INFO: [main-website] Starting test...
[2025-12-19T13:15:29.106Z] INFO: [main-website] Navigating to https://grivas.gr
[2025-12-19T13:15:32.804Z] WARN: Request failed: https://www.grivas.gr/site/assets/files/2254/whodunnit_banner_2025-1-1.120x0.jpg - net::ERR_ABORTED
[2025-12-19T13:15:45.750Z] WARN: Request failed: https://www.youtube.com/iframe_api - net::ERR_ABORTED
[2025-12-19T13:15:48.149Z] INFO: [main-website] ✅ : Website is online
[2025-12-19T13:15:48.149Z] INFO: ------------------------------------------
[2025-12-19T13:15:48.348Z] INFO: ✅ [ -- Checking website availability -- ]: PASS (55168ms)
[2025-12-19T13:15:48.348Z] INFO: === Tests Completed: 1 passed, 0 failed ===
[2025-12-19T13:15:48.372Z] INFO: Test results saved to database with ID: 38
[2025-12-19T13:15:48.373Z] ERROR: Failed to save report: Cannot read properties of undefined (reading 'url')
