[2025-12-22T07:17:05.807Z] INFO: === Starting Website Monitoring Tests ===
[2025-12-22T07:17:05.809Z] INFO: Running test: [ -- Checking website availability -- ]
[2025-12-22T07:17:07.381Z] INFO: [eshop-website] Checking [ https://eshop.grivas.gr/ ] availability...
[2025-12-22T07:17:07.381Z] INFO: [eshop-website] Starting test...
[2025-12-22T07:17:07.382Z] INFO: [eshop-website] Navigating to https://eshop.grivas.gr/
[2025-12-22T07:17:14.257Z] INFO: [eshop-website] ✅ : Website is online
[2025-12-22T07:17:14.258Z] INFO: ------------------------------------------
[2025-12-22T07:17:14.258Z] INFO: [platform-website] Checking [ https://grivaseltinteractive.gr ] availability...
[2025-12-22T07:17:14.258Z] INFO: [platform-website] Starting test...
[2025-12-22T07:17:14.259Z] INFO: [platform-website] Navigating to https://grivaseltinteractive.gr
[2025-12-22T07:17:17.283Z] INFO: [platform-website] ✅ : Website is online
[2025-12-22T07:17:17.283Z] INFO: ------------------------------------------
[2025-12-22T07:17:17.283Z] INFO: [main-website] Checking [ https://grivas.gr ] availability...
[2025-12-22T07:17:17.283Z] INFO: [main-website] Starting test...
[2025-12-22T07:17:17.283Z] INFO: [main-website] Navigating to https://grivas.gr
[2025-12-22T07:17:19.206Z] WARN: Request failed: https://www.grivas.gr/site/assets/files/2254/whodunnit_banner_2025-1-1.120x0.jpg - net::ERR_ABORTED
[2025-12-22T07:17:23.583Z] INFO: [main-website] ✅ : Website is online
[2025-12-22T07:17:23.583Z] INFO: ------------------------------------------
[2025-12-22T07:17:26.034Z] INFO: ✅ [ -- Checking website availability -- ]: PASS (20223ms)
[2025-12-22T07:17:26.034Z] INFO: === Tests Completed: 1 passed, 0 failed ===
[2025-12-22T07:17:26.304Z] INFO: Test results saved to database with ID: 47
[2025-12-22T07:17:26.306Z] ERROR: Failed to save report: Cannot read properties of undefined (reading 'url')
