[2025-12-22T07:12:45.591Z] INFO: === Starting Website Monitoring Tests ===
[2025-12-22T07:12:48.835Z] INFO: [eshop-website] Checking [ https://eshop.grivas.gr/ ] availability...
[2025-12-22T07:12:48.836Z] INFO: [eshop-website] Starting test...
[2025-12-22T07:12:48.836Z] INFO: [eshop-website] Navigating to https://eshop.grivas.gr/
[2025-12-22T07:13:02.128Z] INFO: [eshop-website] ✅ : Website is online
[2025-12-22T07:13:02.128Z] INFO: ------------------------------------------
[2025-12-22T07:13:02.128Z] INFO: [platform-website] Checking [ https://grivaseltinteractive.gr ] availability...
[2025-12-22T07:13:02.129Z] INFO: [platform-website] Starting test...
[2025-12-22T07:13:02.129Z] INFO: [platform-website] Navigating to https://grivaseltinteractive.gr
[2025-12-22T07:13:11.851Z] INFO: [platform-website] ✅ : Website is online
[2025-12-22T07:13:11.851Z] INFO: ------------------------------------------
[2025-12-22T07:13:11.851Z] INFO: [main-website] Checking [ https://grivas.gr ] availability...
[2025-12-22T07:13:11.851Z] INFO: [main-website] Starting test...
[2025-12-22T07:13:11.852Z] INFO: [main-website] Navigating to https://grivas.gr
[2025-12-22T07:13:15.048Z] WARN: Request failed: https://www.grivas.gr/site/assets/files/2254/whodunnit_banner_2025-1-1.120x0.jpg - net::ERR_ABORTED
[2025-12-22T07:13:19.471Z] INFO: [main-website] ✅ : Website is online
[2025-12-22T07:13:19.472Z] INFO: ------------------------------------------
[2025-12-22T07:13:20.621Z] INFO: ✅ [ -- Checking website availability -- ]: PASS (35028ms)
[2025-12-22T07:13:20.621Z] INFO: === Tests Completed: 1 passed, 0 failed ===
[2025-12-22T07:13:20.652Z] INFO: Test results saved to database with ID: 46
[2025-12-22T07:13:20.653Z] ERROR: Failed to save report: Cannot read properties of undefined (reading 'url')
[2025-12-22T07:17:05.807Z] INFO: === Starting Website Monitoring Tests ===
[2025-12-22T07:17:05.809Z] INFO: Running test: [ -- Checking website availability -- ] 
[2025-12-22T07:17:07.381Z] INFO: [eshop-website] Checking [ https://eshop.grivas.gr/ ] availability...
[2025-12-22T07:17:07.381Z] INFO: [eshop-website] Starting test...
[2025-12-22T07:17:07.382Z] INFO: [eshop-website] Navigating to https://eshop.grivas.gr/
[2025-12-22T07:17:14.257Z] INFO: [eshop-website] ✅ : Website is online
[2025-12-22T07:17:14.258Z] INFO: ------------------------------------------
[2025-12-22T07:17:14.258Z] INFO: [platform-website] Checking [ https://grivaseltinteractive.gr ] availability...
[2025-12-22T07:17:14.258Z] INFO: [platform-website] Starting test...
[2025-12-22T07:17:14.259Z] INFO: [platform-website] Navigating to https://grivaseltinteractive.gr
[2025-12-22T07:17:17.283Z] INFO: [platform-website] ✅ : Website is online
[2025-12-22T07:17:17.283Z] INFO: ------------------------------------------
[2025-12-22T07:17:17.283Z] INFO: [main-website] Checking [ https://grivas.gr ] availability...
[2025-12-22T07:17:17.283Z] INFO: [main-website] Starting test...
[2025-12-22T07:17:17.283Z] INFO: [main-website] Navigating to https://grivas.gr
[2025-12-22T07:17:19.206Z] WARN: Request failed: https://www.grivas.gr/site/assets/files/2254/whodunnit_banner_2025-1-1.120x0.jpg - net::ERR_ABORTED
[2025-12-22T07:17:23.583Z] INFO: [main-website] ✅ : Website is online
[2025-12-22T07:17:23.583Z] INFO: ------------------------------------------
[2025-12-22T07:17:26.034Z] INFO: ✅ [ -- Checking website availability -- ]: PASS (20223ms)
[2025-12-22T07:17:26.034Z] INFO: === Tests Completed: 1 passed, 0 failed ===
[2025-12-22T07:17:26.304Z] INFO: Test results saved to database with ID: 47
[2025-12-22T11:17:51.913Z] INFO: === Starting Website Monitoring Tests ===
[2025-12-22T11:17:51.914Z] INFO: Running test: [ -- Checking website availability -- ] 
[2025-12-22T11:17:53.501Z] INFO: [eshop-website] Checking [ https://eshop.grivas.gr/ ] availability...
[2025-12-22T11:17:53.502Z] INFO: [eshop-website] Starting test...
[2025-12-22T11:17:53.502Z] INFO: [eshop-website] Navigating to https://eshop.grivas.gr/
[2025-12-22T11:18:00.133Z] INFO: [eshop-website] ✅ : Website is online
[2025-12-22T11:18:00.134Z] INFO: ------------------------------------------
[2025-12-22T11:18:00.134Z] INFO: [platform-website] Checking [ https://grivaseltinteractive.gr ] availability...
[2025-12-22T11:18:00.134Z] INFO: [platform-website] Starting test...
[2025-12-22T11:18:00.134Z] INFO: [platform-website] Navigating to https://grivaseltinteractive.gr
[2025-12-22T11:18:02.622Z] INFO: [platform-website] ✅ : Website is online
[2025-12-22T11:18:02.623Z] INFO: ------------------------------------------
[2025-12-22T11:18:02.623Z] INFO: [main-website] Checking [ https://grivas.gr ] availability...
[2025-12-22T11:18:02.623Z] INFO: [main-website] Starting test...
[2025-12-22T11:18:02.623Z] INFO: [main-website] Navigating to https://grivas.gr
[2025-12-22T11:18:05.097Z] WARN: Request failed: https://www.grivas.gr/site/assets/files/2254/whodunnit_banner_2025-1-1.120x0.jpg - net::ERR_ABORTED
[2025-12-22T11:18:08.143Z] INFO: [main-website] ✅ : Website is online
[2025-12-22T11:18:08.143Z] INFO: ------------------------------------------
[2025-12-22T11:18:08.452Z] INFO: ✅ [ -- Checking website availability -- ]: PASS (16536ms)
[2025-12-22T11:18:08.452Z] INFO: === Tests Completed: 1 passed, 0 failed ===
[2025-12-22T11:18:08.473Z] INFO: Test results saved to database with ID: 48
[2025-12-22T11:22:43.058Z] INFO: === Starting Website Monitoring Tests ===
[2025-12-22T11:22:43.059Z] INFO: Running test: [ -- Checking website availability -- ] 
[2025-12-22T11:22:43.746Z] INFO: [eshop-website] Checking [ https://eshop.grivas.gr/ ] availability...
[2025-12-22T11:22:43.747Z] INFO: [eshop-website] Starting test...
[2025-12-22T11:22:43.747Z] INFO: [eshop-website] Navigating to https://eshop.grivas.gr/
[2025-12-22T11:22:50.764Z] INFO: [eshop-website] ✅ : Website is online
[2025-12-22T11:22:50.765Z] INFO: ------------------------------------------
[2025-12-22T11:22:50.765Z] INFO: [platform-website] Checking [ https://grivaseltinteractive.gr ] availability...
[2025-12-22T11:22:50.765Z] INFO: [platform-website] Starting test...
[2025-12-22T11:22:50.766Z] INFO: [platform-website] Navigating to https://grivaseltinteractive.gr
[2025-12-22T11:22:53.732Z] INFO: [platform-website] ✅ : Website is online
[2025-12-22T11:22:53.732Z] INFO: ------------------------------------------
[2025-12-22T11:22:53.732Z] INFO: [main-website] Checking [ https://grivas.gr ] availability...
[2025-12-22T11:22:53.732Z] INFO: [main-website] Starting test...
[2025-12-22T11:22:53.733Z] INFO: [main-website] Navigating to https://grivas.gr
[2025-12-22T11:22:55.528Z] WARN: Request failed: https://www.grivas.gr/site/assets/files/2254/whodunnit_banner_2025-1-1.120x0.jpg - net::ERR_ABORTED
[2025-12-22T11:22:58.742Z] INFO: [main-website] ✅ : Website is online
[2025-12-22T11:22:58.742Z] INFO: ------------------------------------------
[2025-12-22T11:22:59.022Z] INFO: ✅ [ -- Checking website availability -- ]: PASS (15962ms)
[2025-12-22T11:22:59.022Z] INFO: Running test: Checking www.grivaseltinteractive.gr login user 
[2025-12-22T11:22:59.022Z] INFO: [Checking www.grivaseltinteractive.gr login user] Starting test...
[2025-12-22T11:22:59.826Z] INFO: [Checking www.grivaseltinteractive.gr login user] Completed in 804ms
[2025-12-22T11:24:25.399Z] INFO: === Starting Website Monitoring Tests ===
[2025-12-22T11:24:25.401Z] INFO: Running test: [ -- Checking website availability -- ] 
[2025-12-22T11:24:26.099Z] INFO: [eshop-website] Checking [ https://eshop.grivas.gr/ ] availability...
[2025-12-22T11:24:26.100Z] INFO: [eshop-website] Starting test...
[2025-12-22T11:24:26.101Z] INFO: [eshop-website] Navigating to https://eshop.grivas.gr/
[2025-12-22T11:24:32.793Z] INFO: [eshop-website] ✅ : Website is online
[2025-12-22T11:24:32.793Z] INFO: ------------------------------------------
[2025-12-22T11:24:32.793Z] INFO: [platform-website] Checking [ https://grivaseltinteractive.gr ] availability...
[2025-12-22T11:24:32.793Z] INFO: [platform-website] Starting test...
[2025-12-22T11:24:32.793Z] INFO: [platform-website] Navigating to https://grivaseltinteractive.gr
[2025-12-22T11:24:35.734Z] INFO: [platform-website] ✅ : Website is online
[2025-12-22T11:24:35.734Z] INFO: ------------------------------------------
[2025-12-22T11:24:35.734Z] INFO: [main-website] Checking [ https://grivas.gr ] availability...
[2025-12-22T11:24:35.734Z] INFO: [main-website] Starting test...
[2025-12-22T11:24:35.734Z] INFO: [main-website] Navigating to https://grivas.gr
[2025-12-22T11:24:40.345Z] INFO: [main-website] ✅ : Website is online
[2025-12-22T11:24:40.346Z] INFO: ------------------------------------------
[2025-12-22T11:24:40.602Z] INFO: ✅ [ -- Checking website availability -- ]: PASS (15201ms)
[2025-12-22T11:24:40.602Z] INFO: Running test: Checking www.grivaseltinteractive.gr login user 
[2025-12-22T11:24:40.602Z] INFO: [Checking www.grivaseltinteractive.gr login user] Starting test...
[2025-12-22T11:24:41.337Z] INFO: [Checking www.grivaseltinteractive.gr login user] Completed in 735ms
[2025-12-22T11:27:22.398Z] INFO: === Starting Website Monitoring Tests ===
[2025-12-22T11:27:24.299Z] INFO: [eshop-website] Checking [ https://eshop.grivas.gr/ ] availability...
[2025-12-22T11:27:24.299Z] INFO: [eshop-website] Starting test...
[2025-12-22T11:27:24.300Z] INFO: [eshop-website] Navigating to https://eshop.grivas.gr/
[2025-12-22T11:27:30.857Z] INFO: [eshop-website] ✅ : Website is online
[2025-12-22T11:27:30.858Z] INFO: ------------------------------------------
[2025-12-22T11:27:30.858Z] INFO: [platform-website] Checking [ https://grivaseltinteractive.gr ] availability...
[2025-12-22T11:27:30.859Z] INFO: [platform-website] Starting test...
[2025-12-22T11:27:30.859Z] INFO: [platform-website] Navigating to https://grivaseltinteractive.gr
[2025-12-22T11:27:33.701Z] INFO: [platform-website] ✅ : Website is online
[2025-12-22T11:27:33.702Z] INFO: ------------------------------------------
[2025-12-22T11:27:33.702Z] INFO: [main-website] Checking [ https://grivas.gr ] availability...
[2025-12-22T11:27:33.702Z] INFO: [main-website] Starting test...
[2025-12-22T11:27:33.702Z] INFO: [main-website] Navigating to https://grivas.gr
[2025-12-22T11:27:36.053Z] WARN: Request failed: https://www.grivas.gr/site/assets/files/2254/whodunnit_banner_2025-1-1.120x0.jpg - net::ERR_ABORTED
[2025-12-22T11:27:39.204Z] INFO: [main-website] ✅ : Website is online
[2025-12-22T11:27:39.205Z] INFO: ------------------------------------------
[2025-12-22T11:27:39.490Z] INFO: ✅ [ -- Checking website availability -- ]: PASS (17091ms)
[2025-12-22T11:27:39.491Z] INFO: === Tests Completed: 1 passed, 0 failed ===
[2025-12-22T11:27:39.517Z] INFO: Test results saved to database with ID: 49
[2025-12-22T11:27:39.519Z] ERROR: Failed to save report: Cannot read properties of undefined (reading 'url')
[2025-12-22T12:56:49.698Z] INFO: === Starting Website Monitoring Tests ===
[2025-12-22T12:56:49.700Z] INFO: Running test: [ -- Checking website availability -- ] 
[2025-12-22T12:56:51.239Z] INFO: [eshop-website] Checking [ https://eshop.grivas.gr/ ] availability...
[2025-12-22T12:56:51.240Z] INFO: [eshop-website] Starting test...
[2025-12-22T12:56:51.241Z] INFO: [eshop-website] Navigating to https://eshop.grivas.gr/
[2025-12-22T12:57:33.101Z] INFO: [eshop-website] ✅ : Website is online
[2025-12-22T12:57:33.101Z] INFO: ------------------------------------------
[2025-12-22T12:57:33.101Z] INFO: [platform-website] Checking [ https://grivaseltinteractive.gr ] availability...
[2025-12-22T12:57:33.101Z] INFO: [platform-website] Starting test...
[2025-12-22T12:57:33.101Z] INFO: [platform-website] Navigating to https://grivaseltinteractive.gr
[2025-12-22T12:57:51.097Z] INFO: [platform-website] ✅ : Website is online
[2025-12-22T12:57:51.097Z] INFO: ------------------------------------------
[2025-12-22T12:57:51.097Z] INFO: [main-website] Checking [ https://grivas.gr ] availability...
[2025-12-22T12:57:51.097Z] INFO: [main-website] Starting test...
[2025-12-22T12:57:51.098Z] INFO: [main-website] Navigating to https://grivas.gr
[2025-12-22T12:58:04.650Z] WARN: Request failed: https://www.grivas.gr/site/assets/files/2254/whodunnit_banner_2025-1-1.120x0.jpg - net::ERR_ABORTED
[2025-12-22T12:58:28.897Z] INFO: === Starting Website Monitoring Tests ===
[2025-12-22T12:58:28.898Z] INFO: Running test: [ -- Checking website availability -- ] 
[2025-12-22T12:58:30.177Z] INFO: [eshop-website] Checking [ https://eshop.grivas.gr/ ] availability...
[2025-12-22T12:58:30.178Z] INFO: [eshop-website] Starting test...
[2025-12-22T12:58:30.178Z] INFO: [eshop-website] Navigating to https://eshop.grivas.gr/
[2025-12-22T12:59:11.274Z] INFO: [eshop-website] ✅ : Website is online
[2025-12-22T12:59:11.274Z] INFO: ------------------------------------------
[2025-12-22T12:59:11.274Z] INFO: [platform-website] Checking [ https://grivaseltinteractive.gr ] availability...
[2025-12-22T12:59:11.274Z] INFO: [platform-website] Starting test...
[2025-12-22T12:59:11.275Z] INFO: [platform-website] Navigating to https://grivaseltinteractive.gr
[2025-12-22T12:59:27.925Z] INFO: [platform-website] ✅ : Website is online
[2025-12-22T12:59:27.925Z] INFO: ------------------------------------------
[2025-12-22T12:59:27.925Z] INFO: [main-website] Checking [ https://grivas.gr ] availability...
[2025-12-22T12:59:27.925Z] INFO: [main-website] Starting test...
[2025-12-22T12:59:27.925Z] INFO: [main-website] Navigating to https://grivas.gr
[2025-12-22T12:59:36.902Z] WARN: Request failed: https://www.grivas.gr/site/assets/files/2254/whodunnit_banner_2025-1-1.120x0.jpg - net::ERR_ABORTED
[2025-12-22T12:59:55.024Z] INFO: [main-website] ✅ : Website is online
[2025-12-22T12:59:55.024Z] INFO: ------------------------------------------
[2025-12-22T12:59:55.434Z] INFO: ✅ [ -- Checking website availability -- ]: PASS (86535ms)
[2025-12-22T12:59:55.434Z] INFO: Running test: [ -- Checking login on platform -- ] 
[2025-12-22T12:59:55.435Z] INFO: [[ -- Checking login on platform -- ]] Starting test...
[2025-12-22T12:59:56.317Z] INFO: [[ -- Checking login on platform -- ]] Completed in 882ms
[2025-12-22T13:11:27.891Z] INFO: === Starting Website Monitoring Tests ===
[2025-12-22T13:11:27.892Z] INFO: Running test: [ -- Checking login on platform -- ] 
[2025-12-22T13:11:27.893Z] INFO: [PLatform Login] Starting test...
[2025-12-22T13:11:29.019Z] INFO: [PLatform Login] Completed in 1126ms
[2025-12-22T13:21:00.156Z] INFO: === Starting Website Monitoring Tests ===
[2025-12-22T13:21:00.157Z] INFO: Running test: [ -- Checking login on platform -- ] 
[2025-12-22T13:21:01.232Z] INFO: [PLatform Login] Starting test...
[2025-12-22T13:21:01.395Z] ERROR: [PLatform Login] FAIL: website is not defined
[2025-12-22T13:21:01.546Z] INFO: [PLatform Login] Completed in 1388ms
[2025-12-22T13:21:01.546Z] INFO: ❌ [ -- Checking login on platform -- ]: FAIL (1388ms)
[2025-12-22T13:21:01.547Z] INFO: ==================================================================
[2025-12-22T13:21:01.547Z] INFO: === Tests Completed: 0 passed, 1 failed ===
[2025-12-22T13:21:01.569Z] INFO: Test results saved to database with ID: 50
[2025-12-22T13:23:01.549Z] INFO: === Starting Website Monitoring Tests ===
[2025-12-22T13:23:01.551Z] INFO: Running test: [ -- Checking login on platform -- ] 
[2025-12-22T13:23:02.331Z] INFO: [PLatform Login] Starting test...
[2025-12-22T13:23:02.652Z] INFO: [PLatform Login] Completed in 1101ms
[2025-12-22T13:23:02.653Z] INFO: ❌ [ -- Checking login on platform -- ]: FAIL (1101ms)
[2025-12-22T13:23:02.654Z] INFO: ==================================================================
[2025-12-22T13:23:02.656Z] INFO: === Tests Completed: 0 passed, 1 failed ===
[2025-12-22T13:23:02.789Z] INFO: Test results saved to database with ID: 51
[2025-12-22T13:24:40.046Z] INFO: === Starting Website Monitoring Tests ===
[2025-12-22T13:24:40.048Z] INFO: Running test: [ -- Checking login on platform -- ] 
[2025-12-22T13:24:40.755Z] INFO: [PLatform Login] Starting test...
[2025-12-22T13:24:40.909Z] ERROR: [PLatform Login] FAIL: website is not defined
[2025-12-22T13:24:41.057Z] INFO: [PLatform Login] Completed in 1008ms
[2025-12-22T13:24:41.057Z] INFO: ❌ [ -- Checking login on platform -- ]: FAIL (1008ms)
[2025-12-22T13:24:41.057Z] INFO: ==================================================================
[2025-12-22T13:24:41.058Z] INFO: === Tests Completed: 0 passed, 1 failed ===
[2025-12-22T13:24:41.081Z] INFO: Test results saved to database with ID: 52
[2025-12-22T13:28:01.158Z] INFO: === Starting Website Monitoring Tests ===
[2025-12-22T13:28:01.160Z] INFO: Running test: [ -- Checking login on platform -- ] 
[2025-12-22T13:28:02.047Z] INFO: [PLatform Login] Starting test...
[2025-12-22T13:28:02.199Z] ERROR: [PLatform Login] FAIL: website is not defined
[2025-12-22T13:28:02.362Z] INFO: [PLatform Login] Completed in 1201ms
[2025-12-22T13:28:02.362Z] INFO: ❌ [ -- Checking login on platform -- ]: FAIL (1201ms)
[2025-12-22T13:28:02.362Z] INFO: ==================================================================
[2025-12-22T13:28:02.363Z] INFO: === Tests Completed: 0 passed, 1 failed ===
[2025-12-22T13:28:02.382Z] INFO: Test results saved to database with ID: 53
[2025-12-22T13:28:23.918Z] INFO: === Starting Website Monitoring Tests ===
[2025-12-22T13:28:23.919Z] INFO: Running test: [ -- Checking login on platform -- ] 
[2025-12-22T13:28:24.742Z] INFO: [PLatform Login] Starting test...
[2025-12-22T13:28:24.879Z] ERROR: [PLatform Login] FAIL: website is not defined
[2025-12-22T13:28:25.024Z] INFO: [PLatform Login] Completed in 1104ms
[2025-12-22T13:28:25.024Z] INFO: ❌ [ -- Checking login on platform -- ]: FAIL (1104ms)
[2025-12-22T13:28:25.025Z] INFO: ==================================================================
[2025-12-22T13:28:25.025Z] INFO: === Tests Completed: 0 passed, 1 failed ===
[2025-12-22T13:28:25.048Z] INFO: Test results saved to database with ID: 54
[2025-12-22T13:32:20.538Z] INFO: === Starting Website Monitoring Tests ===
[2025-12-22T13:32:20.539Z] INFO: Running test: [ -- Checking login on platform -- ] 
[2025-12-22T13:32:21.326Z] INFO: [PLatform Login] Starting test...
[2025-12-22T13:32:21.327Z] INFO: [PLatform Login] Navigating to https://grivaseltinteractive.gr
[2025-12-22T13:32:21.662Z] INFO: [PLatform Login] Completed in 1122ms
[2025-12-22T13:32:21.662Z] INFO: ❌ [ -- Checking login on platform -- ]: FAIL (1122ms)
[2025-12-22T13:32:21.662Z] INFO: ==================================================================
[2025-12-22T13:32:21.663Z] INFO: === Tests Completed: 0 passed, 1 failed ===
[2025-12-22T13:32:21.686Z] INFO: Test results saved to database with ID: 55
[2025-12-22T13:33:21.576Z] INFO: === Starting Website Monitoring Tests ===
[2025-12-22T13:33:21.578Z] INFO: Running test: [ -- Checking login on platform -- ] 
[2025-12-22T13:33:22.538Z] INFO: [PLatform Login] Starting test...
[2025-12-22T13:33:22.539Z] INFO: [PLatform Login] Navigating to undefined
[2025-12-22T13:33:22.764Z] INFO: [PLatform Login] Completed in 1185ms
[2025-12-22T13:33:22.765Z] INFO: ❌ [ -- Checking login on platform -- ]: FAIL (1185ms)
[2025-12-22T13:33:22.766Z] INFO: ==================================================================
[2025-12-22T13:33:22.766Z] INFO: === Tests Completed: 0 passed, 1 failed ===
[2025-12-22T13:33:22.796Z] INFO: Test results saved to database with ID: 56
[2025-12-22T13:34:43.669Z] INFO: === Starting Website Monitoring Tests ===
[2025-12-22T13:34:43.671Z] INFO: Running test: [ -- Checking login on platform -- ] 
[2025-12-22T13:34:44.533Z] INFO: [PLatform Login] Starting test...
[2025-12-22T13:34:44.534Z] INFO: [PLatform Login] Navigating to https://grivaseltinteractive.gr
[2025-12-22T13:34:44.703Z] INFO: [PLatform Login] Completed in 1032ms
[2025-12-22T13:34:44.704Z] INFO: ❌ [ -- Checking login on platform -- ]: FAIL (1032ms)
[2025-12-22T13:34:44.704Z] INFO: ==================================================================
[2025-12-22T13:34:44.704Z] INFO: === Tests Completed: 0 passed, 1 failed ===
[2025-12-22T13:34:44.730Z] INFO: Test results saved to database with ID: 57
[2025-12-22T13:38:14.712Z] INFO: === Starting Website Monitoring Tests ===
[2025-12-22T13:38:14.715Z] INFO: Running test: [ -- Checking login on platform -- ] 
[2025-12-22T13:38:16.587Z] INFO: [PLatform Login] Starting test...
[2025-12-22T13:38:16.588Z] INFO: [PLatform Login] Navigating to https://grivaseltinteractive.gr
[2025-12-22T13:38:16.711Z] ERROR: [PLatform Login] FAIL: test_title is not defined
[2025-12-22T13:38:16.895Z] INFO: [PLatform Login] Completed in 2179ms
[2025-12-22T13:38:16.896Z] INFO: ❌ [ -- Checking login on platform -- ]: FAIL (2179ms)
[2025-12-22T13:38:16.896Z] INFO: ==================================================================
[2025-12-22T13:38:16.896Z] INFO: === Tests Completed: 0 passed, 1 failed ===
[2025-12-22T13:38:16.919Z] INFO: Test results saved to database with ID: 58
[2025-12-22T13:38:52.871Z] INFO: === Starting Website Monitoring Tests ===
[2025-12-22T13:38:52.872Z] INFO: Running test: [ -- Checking login on platform -- ] 
[2025-12-22T13:38:53.763Z] INFO: [PLatform Login] Starting test...
[2025-12-22T13:38:53.764Z] INFO: [PLatform Login] Navigating to https://grivaseltinteractive.gr
[2025-12-22T13:38:53.766Z] INFO: [PLatform Login] Attempting login...
[2025-12-22T13:39:06.185Z] WARN: Request failed: https://kit.fontawesome.com/42d5adcbca.js - net::ERR_ABORTED
[2025-12-22T13:39:08.017Z] ERROR: [PLatform Login] FAIL: Cannot read properties of undefined (reading 'usernameInput')
[2025-12-22T13:39:08.190Z] INFO: [PLatform Login] Completed in 15317ms
[2025-12-22T13:39:08.190Z] INFO: ❌ [ -- Checking login on platform -- ]: FAIL (15317ms)
[2025-12-22T13:39:08.190Z] INFO: ==================================================================
[2025-12-22T13:39:08.190Z] INFO: === Tests Completed: 0 passed, 1 failed ===
[2025-12-22T13:39:08.210Z] INFO: Test results saved to database with ID: 59
[2025-12-22T13:40:20.330Z] INFO: === Starting Website Monitoring Tests ===
[2025-12-22T13:40:20.332Z] INFO: Running test: [ -- Checking login on platform -- ] 
[2025-12-22T13:40:21.059Z] INFO: [PLatform Login] Starting test...
[2025-12-22T13:40:21.060Z] INFO: [PLatform Login] Navigating to https://grivaseltinteractive.gr
[2025-12-22T13:40:21.060Z] INFO: [PLatform Login] Attempting login...
[2025-12-22T13:40:31.329Z] WARN: Request failed: https://kit.fontawesome.com/42d5adcbca.js - net::ERR_ABORTED
[2025-12-22T13:40:35.572Z] ERROR: [PLatform Login] FAIL: No element found for selector: button[name='submit']
[2025-12-22T13:40:35.731Z] INFO: [PLatform Login] Completed in 15399ms
[2025-12-22T13:40:35.731Z] INFO: ❌ [ -- Checking login on platform -- ]: FAIL (15399ms)
[2025-12-22T13:40:35.732Z] INFO: ==================================================================
[2025-12-22T13:40:35.732Z] INFO: === Tests Completed: 0 passed, 1 failed ===
[2025-12-22T13:40:35.752Z] INFO: Test results saved to database with ID: 60
[2025-12-22T13:48:05.010Z] INFO: === Starting Website Monitoring Tests ===
[2025-12-22T13:48:05.013Z] INFO: Running test: [ -- Checking login on platform -- ] 
[2025-12-22T13:48:05.745Z] INFO: [PLatform Login] Starting test...
[2025-12-22T13:48:05.746Z] INFO: [PLatform Login] Navigating to https://grivaseltinteractive.gr
[2025-12-22T13:48:05.746Z] INFO: [PLatform Login] Attempting login...
[2025-12-22T13:48:06.892Z] WARN: Request failed: https://kit.fontawesome.com/42d5adcbca.js - net::ERR_ABORTED
[2025-12-22T13:48:08.557Z] INFO: [PLatform Login] Completed in 3543ms
[2025-12-22T13:48:08.557Z] INFO: ❌ [ -- Checking login on platform -- ]: FAIL (3543ms)
[2025-12-22T13:48:08.558Z] INFO: ==================================================================
[2025-12-22T13:48:08.560Z] INFO: === Tests Completed: 0 passed, 1 failed ===
[2025-12-22T13:48:08.603Z] INFO: Test results saved to database with ID: 61
[2025-12-22T13:51:16.821Z] INFO: === Starting Website Monitoring Tests ===
[2025-12-22T13:51:16.824Z] INFO: Running test: [ -- Checking login on platform -- ] 
[2025-12-22T13:51:17.759Z] INFO: [PLatform Login] Starting test...
[2025-12-22T13:51:17.760Z] INFO: [PLatform Login] Navigating to https://grivaseltinteractive.gr
[2025-12-22T13:51:17.760Z] INFO: [PLatform Login] Attempting login...
[2025-12-22T13:51:18.876Z] WARN: Request failed: https://kit.fontawesome.com/42d5adcbca.js - net::ERR_ABORTED
[2025-12-22T13:51:20.345Z] INFO: [PLatform Login] Completed in 3520ms
[2025-12-22T13:52:44.219Z] INFO: === Starting Website Monitoring Tests ===
[2025-12-22T13:52:44.221Z] INFO: Running test: [ -- Checking login on platform -- ] 
[2025-12-22T13:52:45.108Z] INFO: [PLatform Login] Starting test...
[2025-12-22T13:52:45.109Z] INFO: [PLatform Login] Navigating to https://grivaseltinteractive.gr
[2025-12-22T13:52:45.109Z] INFO: [PLatform Login] Attempting login...
[2025-12-22T13:52:46.111Z] WARN: Request failed: https://kit.fontawesome.com/42d5adcbca.js - net::ERR_ABORTED
[2025-12-22T13:52:47.742Z] INFO: [PLatform Login] Completed in 3521ms
[2025-12-22T14:07:07.791Z] INFO: === Starting Website Monitoring Tests ===
[2025-12-22T14:07:07.793Z] INFO: Running test: [ -- Checking login on platform -- ] 
[2025-12-22T14:07:09.423Z] INFO: [PLatform Login] Starting test...
[2025-12-22T14:07:09.424Z] INFO: [PLatform Login] Navigating to https://grivaseltinteractive.gr
[2025-12-22T14:07:09.424Z] INFO: [PLatform Login] Attempting login...
[2025-12-22T14:07:12.300Z] INFO: [PLatform Login] Completed in 4506ms
[2025-12-22T14:08:46.073Z] INFO: === Starting Website Monitoring Tests ===
[2025-12-22T14:08:46.074Z] INFO: Running test: [ -- Checking login on platform -- ] 
[2025-12-22T14:08:46.784Z] INFO: [PLatform Login] Starting test...
[2025-12-22T14:08:46.785Z] INFO: [PLatform Login] Navigating to https://grivaseltinteractive.gr
[2025-12-22T14:08:46.786Z] INFO: [PLatform Login] Attempting login...
[2025-12-22T14:08:51.129Z] ERROR: [PLatform Login] FAIL: test_title is not defined
[2025-12-22T14:08:51.332Z] INFO: [PLatform Login] Completed in 5257ms
[2025-12-22T14:08:51.333Z] INFO: ❌ [ -- Checking login on platform -- ]: FAIL (5257ms)
[2025-12-22T14:08:51.333Z] INFO: ==================================================================
[2025-12-22T14:08:51.333Z] INFO: === Tests Completed: 0 passed, 1 failed ===
[2025-12-22T14:08:51.354Z] INFO: Test results saved to database with ID: 62
[2025-12-22T14:09:35.260Z] INFO: === Starting Website Monitoring Tests ===
[2025-12-22T14:09:35.263Z] INFO: Running test: [ -- Checking login on platform -- ] 
[2025-12-22T14:09:36.105Z] INFO: [PLatform Login] Starting test...
[2025-12-22T14:09:36.106Z] INFO: [PLatform Login] Navigating to https://grivaseltinteractive.gr
[2025-12-22T14:09:36.107Z] INFO: [PLatform Login] Attempting login...
[2025-12-22T14:09:40.151Z] INFO: [PLatform Login] Verifying login...
[2025-12-22T14:10:10.354Z] ERROR: [PLatform Login] FAIL: Navigation timeout of 30000 ms exceeded
[2025-12-22T14:10:10.540Z] INFO: [PLatform Login] Completed in 35276ms
[2025-12-22T14:10:10.540Z] INFO: ❌ [ -- Checking login on platform -- ]: FAIL (35276ms)
[2025-12-22T14:10:10.540Z] INFO: ==================================================================
[2025-12-22T14:10:10.540Z] INFO: === Tests Completed: 0 passed, 1 failed ===
[2025-12-22T14:10:10.564Z] INFO: Test results saved to database with ID: 63
[2025-12-22T14:10:31.692Z] INFO: === Starting Website Monitoring Tests ===
[2025-12-22T14:10:31.694Z] INFO: Running test: [ -- Checking login on platform -- ] 
[2025-12-22T14:10:32.446Z] INFO: [PLatform Login] Starting test...
[2025-12-22T14:10:32.447Z] INFO: [PLatform Login] Navigating to https://grivaseltinteractive.gr
[2025-12-22T14:10:32.449Z] INFO: [PLatform Login] Attempting login...
[2025-12-22T14:10:36.604Z] INFO: [PLatform Login] Verifying login...
[2025-12-22T14:10:36.604Z] INFO: [PLatform Login] PASS: Login verified
[2025-12-22T14:10:36.604Z] INFO: [PLatform Login] Attempting logout...
[2025-12-22T14:10:37.583Z] INFO: [PLatform Login] PASS: Logout successful
[2025-12-22T14:10:37.583Z] INFO: [PLatform Login] Verifying logout...
[2025-12-22T14:10:37.705Z] ERROR: [PLatform Login] FAIL: page.url(...).then is not a function
[2025-12-22T14:10:37.898Z] INFO: [PLatform Login] Completed in 6204ms
[2025-12-22T14:10:37.898Z] INFO: ❌ [ -- Checking login on platform -- ]: FAIL (6204ms)
[2025-12-22T14:10:37.898Z] INFO: ==================================================================
[2025-12-22T14:10:37.898Z] INFO: === Tests Completed: 0 passed, 1 failed ===
[2025-12-22T14:10:37.917Z] INFO: Test results saved to database with ID: 64
[2025-12-22T14:15:23.234Z] INFO: === Starting Website Monitoring Tests ===
[2025-12-22T14:15:23.238Z] INFO: Running test: [ -- Checking login on platform -- ] 
[2025-12-22T14:15:24.147Z] INFO: [PLatform Login] Starting test...
[2025-12-22T14:15:24.148Z] INFO: [PLatform Login] Navigating to https://grivaseltinteractive.gr
[2025-12-22T14:15:24.149Z] INFO: [PLatform Login] Attempting login...
[2025-12-22T14:15:28.318Z] INFO: [PLatform Login] Verifying login...
[2025-12-22T14:15:28.318Z] INFO: [PLatform Login] PASS: Login verified
[2025-12-22T14:15:28.318Z] INFO: [PLatform Login] Attempting logout...
[2025-12-22T14:15:29.138Z] INFO: [PLatform Login] PASS: Logout successful
[2025-12-22T14:15:29.139Z] INFO: [PLatform Login] Verifying logout...
[2025-12-22T14:15:29.275Z] ERROR: [PLatform Login] FAIL: page.url(...).then is not a function
[2025-12-22T14:15:29.483Z] INFO: [PLatform Login] Completed in 6244ms
[2025-12-22T14:15:29.483Z] INFO: ❌ [ -- Checking login on platform -- ]: FAIL (6244ms)
[2025-12-22T14:15:29.485Z] INFO: ==================================================================
[2025-12-22T14:15:29.485Z] INFO: === Tests Completed: 0 passed, 1 failed ===
[2025-12-22T14:15:29.508Z] INFO: Test results saved to database with ID: 65
[2025-12-22T14:17:58.902Z] INFO: === Starting Website Monitoring Tests ===
[2025-12-22T14:17:58.904Z] INFO: Running test: [ -- Checking login on platform -- ] 
[2025-12-22T14:18:00.229Z] INFO: [PLatform Login] Starting test...
[2025-12-22T14:18:00.230Z] INFO: [PLatform Login] Navigating to https://grivaseltinteractive.gr
[2025-12-22T14:18:00.231Z] INFO: [PLatform Login] Attempting login...
[2025-12-22T14:18:04.523Z] INFO: [PLatform Login] Verifying login...
[2025-12-22T14:18:04.523Z] INFO: [PLatform Login] PASS: Login verified
[2025-12-22T14:18:04.523Z] INFO: [PLatform Login] Attempting logout...
[2025-12-22T14:18:05.340Z] INFO: [PLatform Login] PASS: Logout successful
[2025-12-22T14:18:05.340Z] INFO: [PLatform Login] Verifying logout...
[2025-12-22T14:18:05.508Z] ERROR: [PLatform Login] FAIL: page.url(...).then is not a function
[2025-12-22T14:18:05.797Z] INFO: [PLatform Login] Completed in 6892ms
[2025-12-22T14:18:05.797Z] INFO: ❌ [ -- Checking login on platform -- ]: FAIL (6892ms)
[2025-12-22T14:18:05.798Z] INFO: ==================================================================
[2025-12-22T14:18:05.799Z] INFO: === Tests Completed: 0 passed, 1 failed ===
[2025-12-22T14:18:05.838Z] INFO: Test results saved to database with ID: 66
[2025-12-22T14:18:19.723Z] INFO: === Starting Website Monitoring Tests ===
[2025-12-22T14:18:19.725Z] INFO: Running test: [ -- Checking login on platform -- ] 
[2025-12-22T14:18:20.473Z] INFO: [PLatform Login] Starting test...
[2025-12-22T14:18:20.474Z] INFO: [PLatform Login] Navigating to https://grivaseltinteractive.gr
[2025-12-22T14:18:20.475Z] INFO: [PLatform Login] Attempting login...
[2025-12-22T14:18:24.382Z] INFO: [PLatform Login] Verifying login...
[2025-12-22T14:18:24.382Z] INFO: [PLatform Login] PASS: Login verified
[2025-12-22T14:18:24.382Z] INFO: [PLatform Login] Attempting logout...
[2025-12-22T14:18:25.224Z] INFO: [PLatform Login] PASS: Logout successful
[2025-12-22T14:18:25.224Z] INFO: [PLatform Login] Verifying logout...
[2025-12-22T14:18:25.226Z] INFO: [PLatform Login] PASS: Logout verified
[2025-12-22T14:18:25.226Z] INFO: [PLatform Login] PASS: Login/Logout test passed successfully!
[2025-12-22T14:18:25.406Z] INFO: [PLatform Login] Completed in 5681ms
[2025-12-22T14:18:25.406Z] INFO: ❌ [ -- Checking login on platform -- ]: FAIL (5681ms)
[2025-12-22T14:18:25.406Z] INFO: ==================================================================
[2025-12-22T14:18:25.406Z] INFO: === Tests Completed: 0 passed, 1 failed ===
[2025-12-22T14:18:25.426Z] INFO: Test results saved to database with ID: 67
[2025-12-22T14:26:14.816Z] INFO: === Starting Website Monitoring Tests ===
[2025-12-22T14:26:14.818Z] INFO: Running test: [ -- Checking login on platform -- ] 
[2025-12-22T14:26:16.584Z] INFO: [PLatform Login] Starting test...
[2025-12-22T14:26:16.585Z] INFO: [PLatform Login] Navigating to https://grivaseltinteractive.gr
[2025-12-22T14:26:16.586Z] INFO: [PLatform Login] 🤞 Attempting login...
[2025-12-22T14:26:21.445Z] INFO: [PLatform Login] 🤞 Verifying login...
[2025-12-22T14:26:21.446Z] INFO: [PLatform Login] ✅ PASS: Login verified
[2025-12-22T14:26:21.446Z] INFO: [PLatform Login] 🚪 Attempting logout...
[2025-12-22T14:26:22.660Z] INFO: [PLatform Login] ✅ PASS: Logout successful
[2025-12-22T14:26:22.660Z] INFO: [PLatform Login] Verifying logout...
[2025-12-22T14:26:22.662Z] INFO: [PLatform Login] ✅ PASS: Logout verified
[2025-12-22T14:26:22.662Z] INFO: [PLatform Login] ✅ PASS: Login/Logout test passed successfully!
[2025-12-22T14:26:22.954Z] INFO: [PLatform Login] Completed in 8135ms
[2025-12-22T14:26:22.955Z] INFO: ❌ [ -- Checking login on platform -- ]: FAIL (8135ms)
[2025-12-22T14:26:22.955Z] INFO: ==================================================================
[2025-12-22T14:26:22.955Z] INFO: === Tests Completed: 0 passed, 1 failed ===
[2025-12-22T14:26:22.976Z] INFO: Test results saved to database with ID: 68
[2025-12-22T14:44:08.296Z] INFO: === Starting Website Monitoring Tests ===
[2025-12-22T14:44:08.298Z] INFO: Running test: [ -- Checking login on platform -- ] 
[2025-12-22T14:44:09.822Z] INFO: [PLatform Login] Starting test...
[2025-12-22T14:44:09.823Z] INFO: [PLatform Login] Navigating to https://grivaseltinteractive.gr
[2025-12-22T14:44:09.824Z] INFO: [PLatform Login] 🤞 Attempting login...
[2025-12-22T14:44:16.027Z] INFO: [PLatform Login] 🤞 Verifying login...
[2025-12-22T14:44:16.027Z] INFO: [PLatform Login] ✅ PASS: Login verified
[2025-12-22T14:44:16.028Z] INFO: [PLatform Login] 🚪 Attempting logout...
[2025-12-22T14:44:17.482Z] INFO: [PLatform Login] ✅ PASS: Logout successful
[2025-12-22T14:44:17.482Z] INFO: [PLatform Login] 🤞 Verifying logout...
[2025-12-22T14:44:17.484Z] INFO: [PLatform Login] ✅ PASS: Logout verified
[2025-12-22T14:44:17.484Z] INFO: [PLatform Login] ✅ PASS: Login/Logout test passed successfully!
[2025-12-22T14:44:17.960Z] INFO: [PLatform Login] Completed in 9662ms
[2025-12-22T14:44:17.960Z] INFO: ✅ [ -- Checking login on platform -- ]: PASS (9662ms)
[2025-12-22T14:44:17.960Z] INFO: ==================================================================
[2025-12-22T14:44:17.961Z] INFO: === Tests Completed: 1 passed, 0 failed ===
[2025-12-22T14:44:17.985Z] INFO: Test results saved to database with ID: 69
[2025-12-22T14:45:37.196Z] INFO: === Starting Website Monitoring Tests ===
[2025-12-22T14:45:37.197Z] INFO: Running test: [ -- Checking login on platform -- ] 
[2025-12-22T14:45:38.043Z] INFO: [PLatform Login] Starting test...
[2025-12-22T14:45:38.044Z] INFO: [PLatform Login] Navigating to https://grivaseltinteractive.gr
[2025-12-22T14:45:38.044Z] INFO: [PLatform Login] 🤞 Attempting login...
[2025-12-22T14:45:41.922Z] INFO: [PLatform Login] 🤞 Verifying login...
[2025-12-22T14:45:41.922Z] INFO: [PLatform Login] ✅ PASS: Login verified
[2025-12-22T14:45:41.923Z] INFO: [PLatform Login] 🚪 Attempting logout...
[2025-12-22T14:45:42.749Z] INFO: [PLatform Login] ✅ PASS: Logout successful
[2025-12-22T14:45:42.749Z] INFO: [PLatform Login] 🤞 Verifying logout...
[2025-12-22T14:45:42.751Z] INFO: [PLatform Login] ✅ PASS: Logout verified
[2025-12-22T14:45:42.751Z] INFO: [PLatform Login] ✅ PASS: Login/Logout test passed successfully!
[2025-12-22T14:45:42.948Z] INFO: [PLatform Login] Completed in 5750ms
[2025-12-22T14:45:42.949Z] INFO: ✅ [ -- Checking login on platform -- ]: PASS (5750ms)
[2025-12-22T14:45:42.949Z] INFO: ==================================================================
[2025-12-22T14:45:42.949Z] INFO: === Tests Completed: 1 passed, 0 failed ===
[2025-12-22T14:45:42.973Z] INFO: Test results saved to database with ID: 70
[2025-12-22T14:49:20.587Z] INFO: === Starting Website Monitoring Tests ===
[2025-12-22T14:49:20.589Z] INFO: Running test: [ -- Checking website availability -- ] 
[2025-12-22T14:49:21.429Z] INFO: [eshop-website] Checking [ https://eshop.grivas.gr/ ] availability...
[2025-12-22T14:49:21.430Z] INFO: [eshop-website] Starting test...
[2025-12-22T14:49:21.431Z] INFO: [eshop-website] Navigating to https://eshop.grivas.gr/
[2025-12-22T14:49:28.108Z] INFO: [eshop-website] ✅ : Website is online
[2025-12-22T14:49:28.109Z] INFO: ------------------------------------------
[2025-12-22T14:49:28.109Z] INFO: [platform-website] Checking [ https://grivaseltinteractive.gr ] availability...
[2025-12-22T14:49:28.109Z] INFO: [platform-website] Starting test...
[2025-12-22T14:49:28.109Z] INFO: [platform-website] Navigating to https://grivaseltinteractive.gr
[2025-12-22T14:49:31.732Z] INFO: [platform-website] ✅ : Website is online
[2025-12-22T14:49:31.732Z] INFO: ------------------------------------------
[2025-12-22T14:49:31.732Z] INFO: [main-website] Checking [ https://grivas.gr ] availability...
[2025-12-22T14:49:31.732Z] INFO: [main-website] Starting test...
[2025-12-22T14:49:31.732Z] INFO: [main-website] Navigating to https://grivas.gr
[2025-12-22T14:49:33.365Z] WARN: Request failed: https://www.grivas.gr/site/assets/files/2254/whodunnit_banner_2025-1-1.120x0.jpg - net::ERR_ABORTED
[2025-12-22T14:49:35.373Z] INFO: [main-website] ✅ : Website is online
[2025-12-22T14:49:35.373Z] INFO: ------------------------------------------
[2025-12-22T14:49:35.663Z] INFO: ✅ [ -- Checking website availability -- ]: PASS (15074ms)
[2025-12-22T14:49:35.663Z] INFO: ==================================================================
[2025-12-22T14:49:35.663Z] INFO: Running test: [ -- Checking login on platform -- ] 
[2025-12-22T14:49:36.251Z] INFO: [PLatform Login] Starting test...
[2025-12-22T14:49:36.252Z] INFO: [PLatform Login] Navigating to https://grivaseltinteractive.gr
[2025-12-22T14:49:36.252Z] INFO: [PLatform Login] 🤞 Attempting login...
[2025-12-22T14:49:40.238Z] INFO: [PLatform Login] 🤞 Verifying login...
[2025-12-22T14:49:40.238Z] INFO: [PLatform Login] ✅ PASS: Login verified
[2025-12-22T14:49:40.238Z] INFO: [PLatform Login] 🚪 Attempting logout...
[2025-12-22T14:49:41.101Z] INFO: [PLatform Login] ✅ PASS: Logout successful
[2025-12-22T14:49:41.101Z] INFO: [PLatform Login] 🤞 Verifying logout...
[2025-12-22T14:49:41.103Z] INFO: [PLatform Login] ✅ PASS: Logout verified
[2025-12-22T14:49:41.103Z] INFO: [PLatform Login] ✅ PASS: Login/Logout test passed successfully!
[2025-12-22T14:49:41.297Z] INFO: [PLatform Login] Completed in 5633ms
[2025-12-22T14:49:41.298Z] INFO: ✅ [ -- Checking login on platform -- ]: PASS (5633ms)
[2025-12-22T14:49:41.298Z] INFO: ==================================================================
[2025-12-22T14:49:41.298Z] INFO: === Tests Completed: 2 passed, 0 failed ===
[2025-12-22T14:49:41.322Z] INFO: Test results saved to database with ID: 71
